12:01:05.745 [AWT-EventQueue-0] INFO  c.b.actions.EnableBrowserStack - Setting enable browserstack run update
12:01:05.770 [AWT-EventQueue-0] INFO  c.b.actions.DisableBrowserStack - Setting disable browserstack run update
12:05:56.417 [ApplicationImpl pooled thread 64] INFO  c.b.l.BrowserStackRunExtension - maven
12:05:56.419 [ApplicationImpl pooled thread 64] INFO  com.browserstack.utils.Helpers - null
12:07:04.452 [ApplicationImpl pooled thread 70] INFO  c.b.l.BrowserStackRunExtension - maven
12:07:04.452 [ApplicationImpl pooled thread 70] INFO  com.browserstack.utils.Helpers - null
17:25:44.143 [ApplicationImpl pooled thread 385] INFO  c.b.l.BrowserStackRunExtension - application
17:25:44.144 [ApplicationImpl pooled thread 385] INFO  com.browserstack.utils.Helpers - null
17:31:15.839 [ApplicationImpl pooled thread 399] INFO  c.b.l.BrowserStackRunExtension - application
17:31:15.840 [ApplicationImpl pooled thread 399] INFO  com.browserstack.utils.Helpers - null
17:37:22.279 [ApplicationImpl pooled thread 411] INFO  c.b.l.BrowserStackRunExtension - application
17:37:22.280 [ApplicationImpl pooled thread 411] INFO  com.browserstack.utils.Helpers - null
17:41:13.454 [ApplicationImpl pooled thread 428] INFO  c.b.l.BrowserStackRunExtension - application
17:41:13.454 [ApplicationImpl pooled thread 428] INFO  com.browserstack.utils.Helpers - null
17:43:18.599 [ApplicationImpl pooled thread 412] INFO  c.b.l.BrowserStackRunExtension - application
17:43:18.599 [ApplicationImpl pooled thread 412] INFO  com.browserstack.utils.Helpers - null
17:52:09.529 [ApplicationImpl pooled thread 445] INFO  c.b.l.BrowserStackRunExtension - application
17:52:09.529 [ApplicationImpl pooled thread 445] INFO  com.browserstack.utils.Helpers - null
17:54:55.818 [ApplicationImpl pooled thread 445] INFO  c.b.l.BrowserStackRunExtension - application
17:54:55.818 [ApplicationImpl pooled thread 445] INFO  com.browserstack.utils.Helpers - null
17:56:01.879 [ApplicationImpl pooled thread 445] INFO  c.b.l.BrowserStackRunExtension - application
17:56:01.880 [ApplicationImpl pooled thread 445] INFO  com.browserstack.utils.Helpers - null
18:00:06.974 [ApplicationImpl pooled thread 470] INFO  c.b.l.BrowserStackRunExtension - application
18:00:06.974 [ApplicationImpl pooled thread 470] INFO  com.browserstack.utils.Helpers - null
18:01:13.796 [ApplicationImpl pooled thread 473] INFO  c.b.l.BrowserStackRunExtension - application
18:01:13.798 [ApplicationImpl pooled thread 473] INFO  com.browserstack.utils.Helpers - null
18:04:19.452 [ApplicationImpl pooled thread 476] INFO  c.b.l.BrowserStackRunExtension - application
18:04:19.452 [ApplicationImpl pooled thread 476] INFO  com.browserstack.utils.Helpers - null
18:10:07.297 [ApplicationImpl pooled thread 490] INFO  c.b.l.BrowserStackRunExtension - application
18:10:07.297 [ApplicationImpl pooled thread 490] INFO  com.browserstack.utils.Helpers - null
18:13:46.146 [ApplicationImpl pooled thread 494] INFO  c.b.l.BrowserStackRunExtension - application
18:13:46.147 [ApplicationImpl pooled thread 494] INFO  com.browserstack.utils.Helpers - null
18:15:16.939 [ApplicationImpl pooled thread 504] INFO  c.b.l.BrowserStackRunExtension - maven
18:15:16.939 [ApplicationImpl pooled thread 504] INFO  com.browserstack.utils.Helpers - null
18:16:07.911 [ApplicationImpl pooled thread 496] INFO  c.b.l.BrowserStackRunExtension - application
18:16:07.911 [ApplicationImpl pooled thread 496] INFO  com.browserstack.utils.Helpers - null
18:17:10.613 [ApplicationImpl pooled thread 490] INFO  c.b.l.BrowserStackRunExtension - application
18:17:10.613 [ApplicationImpl pooled thread 490] INFO  com.browserstack.utils.Helpers - null
18:24:10.559 [ApplicationImpl pooled thread 520] INFO  c.b.l.BrowserStackRunExtension - application
18:24:10.559 [ApplicationImpl pooled thread 520] INFO  com.browserstack.utils.Helpers - null
18:35:50.274 [ApplicationImpl pooled thread 548] INFO  c.b.l.BrowserStackRunExtension - application
18:35:50.274 [ApplicationImpl pooled thread 548] INFO  com.browserstack.utils.Helpers - null
18:36:30.389 [ApplicationImpl pooled thread 555] INFO  c.b.l.BrowserStackRunExtension - maven
18:36:30.389 [ApplicationImpl pooled thread 555] INFO  com.browserstack.utils.Helpers - null
18:38:45.064 [ApplicationImpl pooled thread 4] INFO  c.b.l.BrowserStackRunExtension - application
18:38:45.067 [ApplicationImpl pooled thread 4] INFO  com.browserstack.utils.Helpers - null
18:40:34.727 [ApplicationImpl pooled thread 15] INFO  c.b.l.BrowserStackRunExtension - maven
18:40:34.727 [ApplicationImpl pooled thread 15] INFO  com.browserstack.utils.Helpers - null
18:41:21.055 [ApplicationImpl pooled thread 15] INFO  c.b.l.BrowserStackRunExtension - application
18:41:21.055 [ApplicationImpl pooled thread 15] INFO  com.browserstack.utils.Helpers - null
12:16:11.062 [ApplicationImpl pooled thread 22] INFO  c.b.l.BrowserStackRunExtension - application
12:16:11.066 [ApplicationImpl pooled thread 22] INFO  com.browserstack.utils.Helpers - null
12:29:55.288 [ApplicationImpl pooled thread 3] INFO  c.b.l.BrowserStackRunExtension - application
12:29:55.339 [ApplicationImpl pooled thread 3] INFO  com.browserstack.utils.Helpers - null
13:02:49.857 [ApplicationImpl pooled thread 31] INFO  c.b.l.BrowserStackRunExtension - application
13:02:49.858 [ApplicationImpl pooled thread 31] INFO  com.browserstack.utils.Helpers - null
15:19:58.561 [ApplicationImpl pooled thread 171] INFO  c.b.l.BrowserStackRunExtension - maven
15:19:58.561 [ApplicationImpl pooled thread 171] INFO  com.browserstack.utils.Helpers - null
15:38:44.761 [ApplicationImpl pooled thread 25] INFO  c.b.l.BrowserStackRunExtension - application
15:38:44.763 [ApplicationImpl pooled thread 25] INFO  com.browserstack.utils.Helpers - null
15:51:00.353 [ApplicationImpl pooled thread 42] INFO  c.b.l.BrowserStackRunExtension - application
15:51:00.354 [ApplicationImpl pooled thread 42] INFO  com.browserstack.utils.Helpers - null
15:58:52.302 [ApplicationImpl pooled thread 66] INFO  c.b.l.BrowserStackRunExtension - maven
15:58:52.302 [ApplicationImpl pooled thread 66] INFO  com.browserstack.utils.Helpers - null
16:02:07.231 [ApplicationImpl pooled thread 1] INFO  c.b.l.BrowserStackRunExtension - application
16:02:07.235 [ApplicationImpl pooled thread 1] INFO  com.browserstack.utils.Helpers - null
17:10:32.690 [ApplicationImpl pooled thread 90] INFO  c.b.l.BrowserStackRunExtension - maven
17:10:32.690 [ApplicationImpl pooled thread 90] INFO  com.browserstack.utils.Helpers - null
17:30:45.202 [ApplicationImpl pooled thread 27] INFO  c.b.l.BrowserStackRunExtension - maven
17:30:45.203 [ApplicationImpl pooled thread 27] INFO  com.browserstack.utils.Helpers - null
11:27:56.038 [ApplicationImpl pooled thread 11] INFO  c.b.l.BrowserStackRunExtension - maven
11:27:56.068 [ApplicationImpl pooled thread 11] INFO  com.browserstack.utils.Helpers - null
11:50:59.959 [ApplicationImpl pooled thread 17] INFO  c.b.l.BrowserStackRunExtension - application
11:50:59.965 [ApplicationImpl pooled thread 17] INFO  com.browserstack.utils.Helpers - null
17:16:31.871 [ApplicationImpl pooled thread 204] INFO  c.b.l.BrowserStackRunExtension - application
17:16:31.873 [ApplicationImpl pooled thread 204] INFO  com.browserstack.utils.Helpers - null
17:47:20.971 [ApplicationImpl pooled thread 223] INFO  c.b.l.BrowserStackRunExtension - application
17:47:20.971 [ApplicationImpl pooled thread 223] INFO  com.browserstack.utils.Helpers - null
18:01:33.734 [ApplicationImpl pooled thread 240] INFO  c.b.l.BrowserStackRunExtension - application
18:01:33.734 [ApplicationImpl pooled thread 240] INFO  com.browserstack.utils.Helpers - null
18:05:20.482 [ApplicationImpl pooled thread 240] INFO  c.b.l.BrowserStackRunExtension - application
18:05:20.483 [ApplicationImpl pooled thread 240] INFO  com.browserstack.utils.Helpers - null
11:49:04.509 [ApplicationImpl pooled thread 8] INFO  c.b.l.BrowserStackRunExtension - application
11:49:04.511 [ApplicationImpl pooled thread 8] INFO  com.browserstack.utils.Helpers - null
12:12:47.381 [ApplicationImpl pooled thread 33] INFO  c.b.l.BrowserStackRunExtension - application
12:12:47.387 [ApplicationImpl pooled thread 33] INFO  com.browserstack.utils.Helpers - null
